<?xml version="1.0" encoding="UTF-8"?>
<!-- Generated by org.testng.reporters.JUnitReportReporter -->
<testsuite skipped="0" hostname="Vinay.local" name="AppiumFramework.appium.Base.Base_Android" tests="1" failures="0" timestamp="24 Oct 2021 06:32:52 GMT" time="0.019" errors="0">
  <testcase name="test" time="0.019" classname="AppiumFramework.appium.Base.Base_Android"/>
</testsuite> <!-- AppiumFramework.appium.Base.Base_Android -->
