<?xml version="1.0" encoding="UTF-8"?>
<!-- Generated by org.testng.reporters.JUnitReportReporter -->
<testsuite skipped="0" hostname="Vinay.local" name="AppiumFramework.appium.test.Test_Calculator" tests="1" failures="0" timestamp="24 Oct 2021 06:46:32 GMT" time="7.443" errors="0">
  <testcase name="simpleMultiplication" time="7.443" classname="AppiumFramework.appium.test.Test_Calculator"/>
</testsuite> <!-- AppiumFramework.appium.test.Test_Calculator -->
