<?xml version="1.0" encoding="UTF-8"?>
<!-- Generated by org.testng.reporters.JUnitReportReporter -->
<testsuite skipped="0" hostname="Vinay.local" name="AppiumFramework.appium.test.Test2" tests="2" failures="0" timestamp="24 Oct 2021 04:47:19 GMT" time="0.011" errors="0">
  <testcase name="test4" time="0.001" classname="AppiumFramework.appium.test.Test2"/>
  <testcase name="test3" time="0.010" classname="AppiumFramework.appium.test.Test2"/>
</testsuite> <!-- AppiumFramework.appium.test.Test2 -->
