<?xml version="1.0" encoding="UTF-8"?>
<!-- Generated by org.testng.reporters.JUnitReportReporter -->
<testsuite skipped="0" hostname="Vinay.local" name="AppiumFramework.appium.test.Test3" tests="2" failures="0" timestamp="24 Oct 2021 04:41:27 GMT" time="0.022" errors="0">
  <testcase name="test3" time="0.003" classname="AppiumFramework.appium.test.Test3"/>
  <testcase name="test3" time="0.019" classname="AppiumFramework.appium.test.Test3"/>
</testsuite> <!-- AppiumFramework.appium.test.Test3 -->
